[35m[1mConsolidate compiler generated dependencies of target brewer_node[0m
[ 50%] [32mBuilding CXX object CMakeFiles/brewer_node.dir/src/brewer_node.cpp.o[0m
[01m[K/home/fourfold/dev/inmind sessions/inmind-session-12/automated-coffee-machine/src/brewer/src/brewer_node.cpp:[m[K In member function ‘[01m[Kvoid BrewerNode::brew_coffee(const String&)[m[K’:
[01m[K/home/fourfold/dev/inmind sessions/inmind-session-12/automated-coffee-machine/src/brewer/src/brewer_node.cpp:24:24:[m[K [01;35m[Kwarning: [m[Kunused variable ‘[01m[Kstatus[m[K’ [[01;35m[K]8;;https://gcc.gnu.org/onlinedocs/gcc/Warning-Options.html#index-Wunused-variable-Wunused-variable]8;;[m[K]
   24 |         BT::NodeStatus [01;35m[Kstatus[m[K = tree.tickRoot();
      |                        [01;35m[K^~~~~~[m[K
[01m[K/home/fourfold/dev/inmind sessions/inmind-session-12/automated-coffee-machine/src/brewer/src/brewer_node.cpp:20:52:[m[K [01;35m[Kwarning: [m[Kunused parameter ‘[01m[Kcoffee[m[K’ [[01;35m[K]8;;https://gcc.gnu.org/onlinedocs/gcc/Warning-Options.html#index-Wunused-parameter-Wunused-parameter]8;;[m[K]
   20 |     void brew_coffee([01;35m[Kconst std_msgs::msg::String & coffee[m[K) {
      |                      [01;35m[K~~~~~~~~~~~~~~~~~~~~~~~~~~~~~~^~~~~~[m[K
In file included from [01m[K/home/fourfold/dev/inmind sessions/inmind-session-12/automated-coffee-machine/src/brewer/include/brewer/tree_nodes.h:2[m[K,
                 from [01m[K/home/fourfold/dev/inmind sessions/inmind-session-12/automated-coffee-machine/src/brewer/src/brewer_node.cpp:1[m[K:
/opt/ros/humble/include/behaviortree_cpp_v3/bt_factory.h: In instantiation of ‘[01m[Kvoid BT::BehaviorTreeFactory::registerNodeType(const string&) [with T = BrewEspresso; std::string = std::__cxx11::basic_string<char>][m[K’:
[01m[K/home/fourfold/dev/inmind sessions/inmind-session-12/automated-coffee-machine/src/brewer/src/brewer_node.cpp:10:48:[m[K   required from here
[01m[K/opt/ros/humble/include/behaviortree_cpp_v3/bt_factory.h:407:19:[m[K [01;31m[Kerror: [m[Kstatic assertion failed: [registerNode]: since you have a static method providedPorts(), you MUST add a constructor sign signature (const std::string&, const NodeParameters&)

  407 |     static_assert([01;31m[K!(has_static_ports_list && !param_constructable)[m[K, "[registerNode]: "
      |                   [01;31m[K^~~~~~~~~~~~~~~~~~~~~~~~~~~~~~~~~~~~~~~~~~~~~~~~[m[K
[01m[K/opt/ros/humble/include/behaviortree_cpp_v3/bt_factory.h:407:19:[m[K [01;36m[Knote: [m[K‘[01m[K((!(bool)has_static_ports_list) || ((bool)param_constructable))[m[K’ evaluates to false
/opt/ros/humble/include/behaviortree_cpp_v3/bt_factory.h: In instantiation of ‘[01m[Kvoid BT::BehaviorTreeFactory::registerNodeType(const string&) [with T = BrewCappucino; std::string = std::__cxx11::basic_string<char>][m[K’:
[01m[K/home/fourfold/dev/inmind sessions/inmind-session-12/automated-coffee-machine/src/brewer/src/brewer_node.cpp:11:49:[m[K   required from here
[01m[K/opt/ros/humble/include/behaviortree_cpp_v3/bt_factory.h:407:19:[m[K [01;31m[Kerror: [m[Kstatic assertion failed: [registerNode]: since you have a static method providedPorts(), you MUST add a constructor sign signature (const std::string&, const NodeParameters&)

[01m[K/opt/ros/humble/include/behaviortree_cpp_v3/bt_factory.h:407:19:[m[K [01;36m[Knote: [m[K‘[01m[K((!(bool)has_static_ports_list) || ((bool)param_constructable))[m[K’ evaluates to false
gmake[2]: *** [CMakeFiles/brewer_node.dir/build.make:76: CMakeFiles/brewer_node.dir/src/brewer_node.cpp.o] Error 1
gmake[1]: *** [CMakeFiles/Makefile2:137: CMakeFiles/brewer_node.dir/all] Error 2
gmake: *** [Makefile:146: all] Error 2
