[0.006s] Invoking command in '/home/fourfold/dev/inmind sessions/inmind-session-12/automated-coffee-machine/build/brewer': CMAKE_PREFIX_PATH=${CMAKE_PREFIX_PATH}:/opt/ros/humble /usr/bin/cmake --build /home/fourfold/dev/inmind sessions/inmind-session-12/automated-coffee-machine/build/brewer -- -j16 -l16
[0.031s] [35m[1mConsolidate compiler generated dependencies of target brewer_node[0m
[0.041s] [ 50%] [32mBuilding CXX object CMakeFiles/brewer_node.dir/src/brewer_node.cpp.o[0m
[1.282s] [01m[K/home/fourfold/dev/inmind sessions/inmind-session-12/automated-coffee-machine/src/brewer/src/brewer_node.cpp:[m[K In member function ‘[01m[Kvoid BrewerNode::brew_coffee(const String&)[m[K’:
[1.283s] [01m[K/home/fourfold/dev/inmind sessions/inmind-session-12/automated-coffee-machine/src/brewer/src/brewer_node.cpp:27:24:[m[K [01;35m[Kwarning: [m[Kunused variable ‘[01m[Kstatus[m[K’ [[01;35m[K]8;;https://gcc.gnu.org/onlinedocs/gcc/Warning-Options.html#index-Wunused-variable-Wunused-variable]8;;[m[K]
[1.283s]    27 |         BT::NodeStatus [01;35m[Kstatus[m[K = tree.tickRoot();
[1.283s]       |                        [01;35m[K^~~~~~[m[K
[1.283s] [01m[K/home/fourfold/dev/inmind sessions/inmind-session-12/automated-coffee-machine/src/brewer/src/brewer_node.cpp:23:52:[m[K [01;35m[Kwarning: [m[Kunused parameter ‘[01m[Kcoffee[m[K’ [[01;35m[K]8;;https://gcc.gnu.org/onlinedocs/gcc/Warning-Options.html#index-Wunused-parameter-Wunused-parameter]8;;[m[K]
[1.283s]    23 |     void brew_coffee([01;35m[Kconst std_msgs::msg::String & coffee[m[K) {
[1.283s]       |                      [01;35m[K~~~~~~~~~~~~~~~~~~~~~~~~~~~~~~^~~~~~[m[K
[4.663s] [100%] [32m[1mLinking CXX executable brewer_node[0m
[4.874s] [100%] Built target brewer_node
[4.884s] Invoked command in '/home/fourfold/dev/inmind sessions/inmind-session-12/automated-coffee-machine/build/brewer' returned '0': CMAKE_PREFIX_PATH=${CMAKE_PREFIX_PATH}:/opt/ros/humble /usr/bin/cmake --build /home/fourfold/dev/inmind sessions/inmind-session-12/automated-coffee-machine/build/brewer -- -j16 -l16
[4.902s] Invoking command in '/home/fourfold/dev/inmind sessions/inmind-session-12/automated-coffee-machine/build/brewer': CMAKE_PREFIX_PATH=${CMAKE_PREFIX_PATH}:/opt/ros/humble /usr/bin/cmake --install /home/fourfold/dev/inmind sessions/inmind-session-12/automated-coffee-machine/build/brewer
[4.907s] -- Install configuration: ""
[4.907s] -- Installing: /home/fourfold/dev/inmind sessions/inmind-session-12/automated-coffee-machine/install/brewer/lib/brewer/brewer_node
[4.909s] -- Set runtime path of "/home/fourfold/dev/inmind sessions/inmind-session-12/automated-coffee-machine/install/brewer/lib/brewer/brewer_node" to ""
[4.909s] -- Up-to-date: /home/fourfold/dev/inmind sessions/inmind-session-12/automated-coffee-machine/install/brewer/share/ament_index/resource_index/package_run_dependencies/brewer
[4.909s] -- Up-to-date: /home/fourfold/dev/inmind sessions/inmind-session-12/automated-coffee-machine/install/brewer/share/ament_index/resource_index/parent_prefix_path/brewer
[4.909s] -- Up-to-date: /home/fourfold/dev/inmind sessions/inmind-session-12/automated-coffee-machine/install/brewer/share/brewer/environment/ament_prefix_path.sh
[4.909s] -- Up-to-date: /home/fourfold/dev/inmind sessions/inmind-session-12/automated-coffee-machine/install/brewer/share/brewer/environment/ament_prefix_path.dsv
[4.909s] -- Up-to-date: /home/fourfold/dev/inmind sessions/inmind-session-12/automated-coffee-machine/install/brewer/share/brewer/environment/path.sh
[4.909s] -- Up-to-date: /home/fourfold/dev/inmind sessions/inmind-session-12/automated-coffee-machine/install/brewer/share/brewer/environment/path.dsv
[4.909s] -- Up-to-date: /home/fourfold/dev/inmind sessions/inmind-session-12/automated-coffee-machine/install/brewer/share/brewer/local_setup.bash
[4.909s] -- Up-to-date: /home/fourfold/dev/inmind sessions/inmind-session-12/automated-coffee-machine/install/brewer/share/brewer/local_setup.sh
[4.909s] -- Up-to-date: /home/fourfold/dev/inmind sessions/inmind-session-12/automated-coffee-machine/install/brewer/share/brewer/local_setup.zsh
[4.909s] -- Up-to-date: /home/fourfold/dev/inmind sessions/inmind-session-12/automated-coffee-machine/install/brewer/share/brewer/local_setup.dsv
[4.910s] -- Installing: /home/fourfold/dev/inmind sessions/inmind-session-12/automated-coffee-machine/install/brewer/share/brewer/package.dsv
[4.910s] -- Up-to-date: /home/fourfold/dev/inmind sessions/inmind-session-12/automated-coffee-machine/install/brewer/share/ament_index/resource_index/packages/brewer
[4.910s] -- Up-to-date: /home/fourfold/dev/inmind sessions/inmind-session-12/automated-coffee-machine/install/brewer/share/brewer/cmake/brewerConfig.cmake
[4.910s] -- Up-to-date: /home/fourfold/dev/inmind sessions/inmind-session-12/automated-coffee-machine/install/brewer/share/brewer/cmake/brewerConfig-version.cmake
[4.910s] -- Up-to-date: /home/fourfold/dev/inmind sessions/inmind-session-12/automated-coffee-machine/install/brewer/share/brewer/package.xml
[4.911s] Invoked command in '/home/fourfold/dev/inmind sessions/inmind-session-12/automated-coffee-machine/build/brewer' returned '0': CMAKE_PREFIX_PATH=${CMAKE_PREFIX_PATH}:/opt/ros/humble /usr/bin/cmake --install /home/fourfold/dev/inmind sessions/inmind-session-12/automated-coffee-machine/build/brewer
