[0.005s] Invoking command in '/home/fourfold/dev/inmind sessions/inmind-session-12/automated-coffee-machine/build/brewer': CMAKE_PREFIX_PATH=${CMAKE_PREFIX_PATH}:/opt/ros/humble /usr/bin/cmake --build /home/fourfold/dev/inmind sessions/inmind-session-12/automated-coffee-machine/build/brewer -- -j16 -l16
[0.030s] [35m[1mConsolidate compiler generated dependencies of target brewer_node[0m
[0.039s] [ 50%] [32mBuilding CXX object CMakeFiles/brewer_node.dir/src/brewer_node.cpp.o[0m
[1.280s] [01m[K/home/fourfold/dev/inmind sessions/inmind-session-12/automated-coffee-machine/src/brewer/src/brewer_node.cpp:[m[K In member function ‘[01m[Kvoid BrewerNode::brew_coffee(const String&)[m[K’:
[1.280s] [01m[K/home/fourfold/dev/inmind sessions/inmind-session-12/automated-coffee-machine/src/brewer/src/brewer_node.cpp:30:24:[m[K [01;35m[Kwarning: [m[Kunused variable ‘[01m[Kstatus[m[K’ [[01;35m[K]8;;https://gcc.gnu.org/onlinedocs/gcc/Warning-Options.html#index-Wunused-variable-Wunused-variable]8;;[m[K]
[1.280s]    30 |         BT::NodeStatus [01;35m[Kstatus[m[K = tree.tickRoot();
[1.280s]       |                        [01;35m[K^~~~~~[m[K
[1.280s] [01m[K/home/fourfold/dev/inmind sessions/inmind-session-12/automated-coffee-machine/src/brewer/src/brewer_node.cpp:[m[K In member function ‘[01m[Kvoid BrewerNode::handle_clean(const Bool&)[m[K’:
[1.280s] [01m[K/home/fourfold/dev/inmind sessions/inmind-session-12/automated-coffee-machine/src/brewer/src/brewer_node.cpp:38:24:[m[K [01;35m[Kwarning: [m[Kunused variable ‘[01m[Kstatus[m[K’ [[01;35m[K]8;;https://gcc.gnu.org/onlinedocs/gcc/Warning-Options.html#index-Wunused-variable-Wunused-variable]8;;[m[K]
[1.280s]    38 |         BT::NodeStatus [01;35m[Kstatus[m[K = tree.tickRoot();
[1.280s]       |                        [01;35m[K^~~~~~[m[K
[5.899s] [100%] [32m[1mLinking CXX executable brewer_node[0m
[6.178s] [100%] Built target brewer_node
[6.188s] Invoked command in '/home/fourfold/dev/inmind sessions/inmind-session-12/automated-coffee-machine/build/brewer' returned '0': CMAKE_PREFIX_PATH=${CMAKE_PREFIX_PATH}:/opt/ros/humble /usr/bin/cmake --build /home/fourfold/dev/inmind sessions/inmind-session-12/automated-coffee-machine/build/brewer -- -j16 -l16
[6.206s] Invoking command in '/home/fourfold/dev/inmind sessions/inmind-session-12/automated-coffee-machine/build/brewer': CMAKE_PREFIX_PATH=${CMAKE_PREFIX_PATH}:/opt/ros/humble /usr/bin/cmake --install /home/fourfold/dev/inmind sessions/inmind-session-12/automated-coffee-machine/build/brewer
[6.210s] -- Install configuration: ""
[6.210s] -- Installing: /home/fourfold/dev/inmind sessions/inmind-session-12/automated-coffee-machine/install/brewer/lib/brewer/brewer_node
[6.213s] -- Set runtime path of "/home/fourfold/dev/inmind sessions/inmind-session-12/automated-coffee-machine/install/brewer/lib/brewer/brewer_node" to ""
[6.213s] -- Up-to-date: /home/fourfold/dev/inmind sessions/inmind-session-12/automated-coffee-machine/install/brewer/share/ament_index/resource_index/package_run_dependencies/brewer
[6.213s] -- Up-to-date: /home/fourfold/dev/inmind sessions/inmind-session-12/automated-coffee-machine/install/brewer/share/ament_index/resource_index/parent_prefix_path/brewer
[6.213s] -- Up-to-date: /home/fourfold/dev/inmind sessions/inmind-session-12/automated-coffee-machine/install/brewer/share/brewer/environment/ament_prefix_path.sh
[6.213s] -- Up-to-date: /home/fourfold/dev/inmind sessions/inmind-session-12/automated-coffee-machine/install/brewer/share/brewer/environment/ament_prefix_path.dsv
[6.213s] -- Up-to-date: /home/fourfold/dev/inmind sessions/inmind-session-12/automated-coffee-machine/install/brewer/share/brewer/environment/path.sh
[6.213s] -- Up-to-date: /home/fourfold/dev/inmind sessions/inmind-session-12/automated-coffee-machine/install/brewer/share/brewer/environment/path.dsv
[6.213s] -- Up-to-date: /home/fourfold/dev/inmind sessions/inmind-session-12/automated-coffee-machine/install/brewer/share/brewer/local_setup.bash
[6.213s] -- Up-to-date: /home/fourfold/dev/inmind sessions/inmind-session-12/automated-coffee-machine/install/brewer/share/brewer/local_setup.sh
[6.213s] -- Up-to-date: /home/fourfold/dev/inmind sessions/inmind-session-12/automated-coffee-machine/install/brewer/share/brewer/local_setup.zsh
[6.213s] -- Up-to-date: /home/fourfold/dev/inmind sessions/inmind-session-12/automated-coffee-machine/install/brewer/share/brewer/local_setup.dsv
[6.213s] -- Installing: /home/fourfold/dev/inmind sessions/inmind-session-12/automated-coffee-machine/install/brewer/share/brewer/package.dsv
[6.213s] -- Up-to-date: /home/fourfold/dev/inmind sessions/inmind-session-12/automated-coffee-machine/install/brewer/share/ament_index/resource_index/packages/brewer
[6.213s] -- Up-to-date: /home/fourfold/dev/inmind sessions/inmind-session-12/automated-coffee-machine/install/brewer/share/brewer/cmake/brewerConfig.cmake
[6.213s] -- Up-to-date: /home/fourfold/dev/inmind sessions/inmind-session-12/automated-coffee-machine/install/brewer/share/brewer/cmake/brewerConfig-version.cmake
[6.213s] -- Up-to-date: /home/fourfold/dev/inmind sessions/inmind-session-12/automated-coffee-machine/install/brewer/share/brewer/package.xml
[6.214s] Invoked command in '/home/fourfold/dev/inmind sessions/inmind-session-12/automated-coffee-machine/build/brewer' returned '0': CMAKE_PREFIX_PATH=${CMAKE_PREFIX_PATH}:/opt/ros/humble /usr/bin/cmake --install /home/fourfold/dev/inmind sessions/inmind-session-12/automated-coffee-machine/build/brewer
