[0.005s] Invoking command in '/home/fourfold/dev/inmind sessions/inmind-session-12/automated-coffee-machine/build/brewer': CMAKE_PREFIX_PATH=${CMAKE_PREFIX_PATH}:/opt/ros/humble /usr/bin/cmake --build /home/fourfold/dev/inmind sessions/inmind-session-12/automated-coffee-machine/build/brewer -- -j16 -l16
[0.028s] [35m[1mConsolidate compiler generated dependencies of target brewer_node[0m
[0.037s] [ 50%] [32mBuilding CXX object CMakeFiles/brewer_node.dir/src/brewer_node.cpp.o[0m
[1.205s] [01m[K/home/fourfold/dev/inmind sessions/inmind-session-12/automated-coffee-machine/src/brewer/src/brewer_node.cpp:[m[K In constructor ‘[01m[KBrewerNode::BrewerNode()[m[K’:
[1.205s] [01m[K/home/fourfold/dev/inmind sessions/inmind-session-12/automated-coffee-machine/src/brewer/src/brewer_node.cpp:17:24:[m[K [01;35m[Kwarning: [m[Kunused variable ‘[01m[Kstatus[m[K’ [[01;35m[K]8;;https://gcc.gnu.org/onlinedocs/gcc/Warning-Options.html#index-Wunused-variable-Wunused-variable]8;;[m[K]
[1.205s]    17 |         BT::NodeStatus [01;35m[Kstatus[m[K = tree.tickRoot();
[1.205s]       |                        [01;35m[K^~~~~~[m[K
[1.835s] [100%] [32m[1mLinking CXX executable brewer_node[0m
[1.911s] [100%] Built target brewer_node
[1.919s] Invoked command in '/home/fourfold/dev/inmind sessions/inmind-session-12/automated-coffee-machine/build/brewer' returned '0': CMAKE_PREFIX_PATH=${CMAKE_PREFIX_PATH}:/opt/ros/humble /usr/bin/cmake --build /home/fourfold/dev/inmind sessions/inmind-session-12/automated-coffee-machine/build/brewer -- -j16 -l16
[1.939s] Invoking command in '/home/fourfold/dev/inmind sessions/inmind-session-12/automated-coffee-machine/build/brewer': CMAKE_PREFIX_PATH=${CMAKE_PREFIX_PATH}:/opt/ros/humble /usr/bin/cmake --install /home/fourfold/dev/inmind sessions/inmind-session-12/automated-coffee-machine/build/brewer
[1.943s] -- Install configuration: ""
[1.943s] -- Installing: /home/fourfold/dev/inmind sessions/inmind-session-12/automated-coffee-machine/install/brewer/lib/brewer/brewer_node
[1.943s] -- Set runtime path of "/home/fourfold/dev/inmind sessions/inmind-session-12/automated-coffee-machine/install/brewer/lib/brewer/brewer_node" to ""
[1.943s] -- Up-to-date: /home/fourfold/dev/inmind sessions/inmind-session-12/automated-coffee-machine/install/brewer/share/ament_index/resource_index/package_run_dependencies/brewer
[1.943s] -- Up-to-date: /home/fourfold/dev/inmind sessions/inmind-session-12/automated-coffee-machine/install/brewer/share/ament_index/resource_index/parent_prefix_path/brewer
[1.943s] -- Up-to-date: /home/fourfold/dev/inmind sessions/inmind-session-12/automated-coffee-machine/install/brewer/share/brewer/environment/ament_prefix_path.sh
[1.943s] -- Up-to-date: /home/fourfold/dev/inmind sessions/inmind-session-12/automated-coffee-machine/install/brewer/share/brewer/environment/ament_prefix_path.dsv
[1.943s] -- Up-to-date: /home/fourfold/dev/inmind sessions/inmind-session-12/automated-coffee-machine/install/brewer/share/brewer/environment/path.sh
[1.943s] -- Up-to-date: /home/fourfold/dev/inmind sessions/inmind-session-12/automated-coffee-machine/install/brewer/share/brewer/environment/path.dsv
[1.943s] -- Up-to-date: /home/fourfold/dev/inmind sessions/inmind-session-12/automated-coffee-machine/install/brewer/share/brewer/local_setup.bash
[1.943s] -- Up-to-date: /home/fourfold/dev/inmind sessions/inmind-session-12/automated-coffee-machine/install/brewer/share/brewer/local_setup.sh
[1.943s] -- Up-to-date: /home/fourfold/dev/inmind sessions/inmind-session-12/automated-coffee-machine/install/brewer/share/brewer/local_setup.zsh
[1.943s] -- Up-to-date: /home/fourfold/dev/inmind sessions/inmind-session-12/automated-coffee-machine/install/brewer/share/brewer/local_setup.dsv
[1.943s] -- Installing: /home/fourfold/dev/inmind sessions/inmind-session-12/automated-coffee-machine/install/brewer/share/brewer/package.dsv
[1.943s] -- Up-to-date: /home/fourfold/dev/inmind sessions/inmind-session-12/automated-coffee-machine/install/brewer/share/ament_index/resource_index/packages/brewer
[1.944s] -- Up-to-date: /home/fourfold/dev/inmind sessions/inmind-session-12/automated-coffee-machine/install/brewer/share/brewer/cmake/brewerConfig.cmake
[1.944s] -- Up-to-date: /home/fourfold/dev/inmind sessions/inmind-session-12/automated-coffee-machine/install/brewer/share/brewer/cmake/brewerConfig-version.cmake
[1.944s] -- Up-to-date: /home/fourfold/dev/inmind sessions/inmind-session-12/automated-coffee-machine/install/brewer/share/brewer/package.xml
[1.945s] Invoked command in '/home/fourfold/dev/inmind sessions/inmind-session-12/automated-coffee-machine/build/brewer' returned '0': CMAKE_PREFIX_PATH=${CMAKE_PREFIX_PATH}:/opt/ros/humble /usr/bin/cmake --install /home/fourfold/dev/inmind sessions/inmind-session-12/automated-coffee-machine/build/brewer
